0 info it worked if it ends with ok
1 verbose cli [ 'D:\\Program Files (x86)\\Noedjs\\node.exe',
1 verbose cli   'D:\\Program Files (x86)\\Noedjs\\node_modules\\npm\\bin\\npm-cli.js',
1 verbose cli   'run',
1 verbose cli   'test-watch' ]
2 info using npm@3.10.10
3 info using node@v6.11.3
4 verbose run-script [ 'pretest-watch', 'test-watch', 'posttest-watch' ]
5 info lifecycle nodejs_todolist@1.0.0~pretest-watch: nodejs_todolist@1.0.0
6 silly lifecycle nodejs_todolist@1.0.0~pretest-watch: no script for pretest-watch, continuing
7 info lifecycle nodejs_todolist@1.0.0~test-watch: nodejs_todolist@1.0.0
8 verbose lifecycle nodejs_todolist@1.0.0~test-watch: unsafe-perm in lifecycle true
9 verbose lifecycle nodejs_todolist@1.0.0~test-watch: PATH: D:\Program Files (x86)\Noedjs\node_modules\npm\bin\node-gyp-bin;C:\Users\Administrator\Desktop\Nodejs-To_Do_List\node_modules\.bin;C:\Windows\system32;C:\Windows;C:\Windows\System32\Wbem;C:\Windows\System32\WindowsPowerShell\v1.0\;C:\Program Files\WIDCOMM\Bluetooth Software\;C:\Program Files\WIDCOMM\Bluetooth Software\syswow64;D:\Program Files (x86)\Brackets\command;D:\Program Files (x86)\Calibre\;C:\Program Files\ffmpeg\bin;C:\Program Files\IBM\SPSS\Statistics\24\JRE\bin;C:\Program Files (x86)\Google\Cloud SDK\google-cloud-sdk\bin;C:\Users\Administrator\Anaconda3\Scripts;C:\Program Files\Git\cmd;D:\Program Files (x86)\Noedjs\;C:\Program Files\PuTTY\;C:\Users\Administrator\Anaconda3;C:\Users\Administrator\Anaconda3\Library\mingw-w64\bin;C:\Users\Administrator\Anaconda3\Library\usr\bin;C:\Users\Administrator\Anaconda3\Library\bin;C:\Users\Administrator\Anaconda3\Scripts;C:\Users\Administrator\AppData\Local\atom\bin;C:\Program Files\Heroku\bin;C:\Users\Administrator\AppData\Roaming\npm
10 verbose lifecycle nodejs_todolist@1.0.0~test-watch: CWD: C:\Users\Administrator\Desktop\Nodejs-To_Do_List
11 silly lifecycle nodejs_todolist@1.0.0~test-watch: Args: [ '/d /s /c', 'nodemon --exec "npm test"' ]
12 verbose stack Error: kill ENOSYS
12 verbose stack     at exports._errnoException (util.js:1020:11)
12 verbose stack     at process.kill (internal/process.js:190:13)
12 verbose stack     at process.listener (D:\Program Files (x86)\Noedjs\node_modules\npm\node_modules\npmlog\node_modules\gauge\node_modules\signal-exit\index.js:86:15)
12 verbose stack     at emitNone (events.js:91:20)
12 verbose stack     at process.emit (events.js:185:7)
12 verbose stack     at processEmit (D:\Program Files (x86)\Noedjs\node_modules\npm\node_modules\npmlog\node_modules\gauge\node_modules\signal-exit\index.js:146:32)
12 verbose stack     at processEmit (D:\Program Files (x86)\Noedjs\node_modules\npm\node_modules\npm-registry-client\node_modules\npmlog\node_modules\gauge\node_modules\signal-exit\index.js:146:32)
12 verbose stack     at Signal.wrap.onsignal (internal/process.js:217:44)
13 verbose cwd C:\Users\Administrator\Desktop\Nodejs-To_Do_List
14 error Windows_NT 6.1.7601
15 error argv "D:\\Program Files (x86)\\Noedjs\\node.exe" "D:\\Program Files (x86)\\Noedjs\\node_modules\\npm\\bin\\npm-cli.js" "run" "test-watch"
16 error node v6.11.3
17 error npm  v3.10.10
18 error code ENOSYS
19 error errno ENOSYS
20 error syscall kill
21 error kill ENOSYS
22 error If you need help, you may report this error at:
22 error     <https://github.com/npm/npm/issues>
23 verbose exit [ 1, true ]
